Connection to fl.orcs.biz on port 1111 failed or timed out after 60 seconds!
Attempting to restart the mud on Wed Nov 14 13:01:12 2012...
Terminated
Connection to fl.orcs.biz on port 1111 failed or timed out after 60 seconds!
Attempting to restart the mud on Wed Nov 14 13:01:45 2012...
Connection to fl.orcs.biz on port 1111 failed or timed out after 60 seconds!
Attempting to restart the mud on Wed Nov 14 17:42:06 2012...
Connection to fl.orcs.biz on port 1111 failed or timed out after 60 seconds!
Attempting to restart the mud on Wed Nov 14 17:44:59 2012...
Connection to fl.orcs.biz on port 1111 failed or timed out after 60 seconds!
Attempting to restart the mud on Wed Nov 14 22:14:11 2012...
Connection to fl.orcs.biz on port 1111 failed or timed out after 60 seconds!
Attempting to restart the mud on Wed Nov 14 22:23:12 2012...
Segmentation fault
Connection to fl.orcs.biz on port 1111 failed or timed out after 60 seconds!
Attempting to restart the mud on Thu Nov 15 17:19:40 2012...
Segmentation fault
Connection to fl.orcs.biz on port 1111 failed or timed out after 60 seconds!
Attempting to restart the mud on Thu Nov 15 17:23:01 2012...
Segmentation fault
Connection to fl.orcs.biz on port 1111 failed or timed out after 60 seconds!
Attempting to restart the mud on Thu Nov 15 21:39:10 2012...
Connection to fl.orcs.biz on port 1111 failed or timed out after 60 seconds!
Attempting to restart the mud on Sat Nov 17 09:59:44 2012...
Connection to fl.orcs.biz on port 1111 failed or timed out after 60 seconds!
Attempting to restart the mud on Sat Nov 17 11:38:46 2012...
Connection to fl.orcs.biz on port 1111 failed or timed out after 60 seconds!
Attempting to restart the mud on Sat Nov 17 11:47:39 2012...
Connection to fl.orcs.biz on port 1111 failed or timed out after 60 seconds!
Attempting to restart the mud on Sat Nov 17 11:50:09 2012...
Segmentation fault
Connection to fl.orcs.biz on port 1111 failed or timed out after 60 seconds!
Attempting to restart the mud on Sat Nov 17 11:59:05 2012...
Connection to fl.orcs.biz on port 1111 failed or timed out after 60 seconds!
Attempting to restart the mud on Mon Nov 19 15:18:38 2012...
